<?xml version="1.0" encoding="UTF-8"?>
<!-- Generated by org.testng.reporters.JUnitReportReporter -->
<testsuite hostname="DESKTOP-42ER5TB" name="scripts.TestScript" tests="1" failures="0" timestamp="10 Apr 2018 04:11:46 GMT" time="12.966" errors="0">
  <testcase name="test" time="12.966" classname="scripts.TestScript"/>
</testsuite> <!-- scripts.TestScript -->
