<?xml version="1.0" encoding="UTF-8"?>
<!-- Generated by org.testng.reporters.JUnitReportReporter -->
<testsuite hostname="DESKTOP-42ER5TB" name="scripts.Edit_Lead_Information_in_V_tiger_7" tests="3" failures="0" timestamp="17 Mar 2018 14:25:38 GMT" time="264.597" errors="0">
  <testcase name="testEditData" time="88.142" classname="scripts.Edit_Lead_Information_in_V_tiger_7"/>
  <testcase name="testEditData" time="88.478" classname="scripts.Edit_Lead_Information_in_V_tiger_7"/>
  <testcase name="testEditData" time="87.977" classname="scripts.Edit_Lead_Information_in_V_tiger_7"/>
</testsuite> <!-- scripts.Edit_Lead_Information_in_V_tiger_7 -->
