<?xml version="1.0" encoding="UTF-8"?>
<!-- Generated by org.testng.reporters.JUnitReportReporter -->
<testsuite hostname="DESKTOP-42ER5TB" name="scripts.Login_Script_In_Selenium_1" tests="3" failures="0" timestamp="17 Mar 2018 14:25:38 GMT" time="87.710" errors="0">
  <testcase name="loginScript" time="29.297" classname="scripts.Login_Script_In_Selenium_1"/>
  <testcase name="loginScript" time="29.002" classname="scripts.Login_Script_In_Selenium_1"/>
  <testcase name="loginScript" time="29.411" classname="scripts.Login_Script_In_Selenium_1"/>
</testsuite> <!-- scripts.Login_Script_In_Selenium_1 -->
